1525291150537	geckodriver	INFO	geckodriver 0.20.1
1525291150553	geckodriver	INFO	Listening on 127.0.0.1:50837
1525291153670	mozrunner::runner	INFO	Running command: "C:\\Program Files\\Mozilla Firefox\\firefox.exe" "-marionette" "-profile" "C:\\Users\\1\\AppData\\Local\\Temp\\rust_mozprofile.WQ50dBdw6Us4"
1525291155654	Marionette	INFO	Enabled via --marionette
1525291160154	Marionette	INFO	Listening on port 50845
1525291161522	Marionette	WARN	TLS certificate errors will be ignored for this session
Unable to read VR Path Registry from C:\Users\1\AppData\Local\openvr\openvrpaths.vrpath
[Parent 5976, Gecko_IOThread] WARNING: pipe error: 109: file z:/build/build/src/ipc/chromium/src/chrome/common/ipc_channel_win.cc, line 346
Unable to read VR Path Registry from C:\Users\1\AppData\Local\openvr\openvrpaths.vrpath
[Child 4588, Chrome_ChildThread] WARNING: pipe error: 109: file z:/build/build/src/ipc/chromium/src/chrome/common/ipc_channel_win.cc, line 346
[Child 4588, Chrome_ChildThread] WARNING: pipe error: 109: file z:/build/build/src/ipc/chromium/src/chrome/common/ipc_channel_win.cc, line 346
Unable to read VR Path Registry from C:\Users\1\AppData\Local\openvr\openvrpaths.vrpath
[Child 5148, Chrome_ChildThread] WARNING: pipe error: 109: file z:/build/build/src/ipc/chromium/src/chrome/common/ipc_channel_win.cc, line 346
[Child 5148, Chrome_ChildThread] WARNING: pipe error: 109: file z:/build/build/src/ipc/chromium/src/chrome/common/ipc_channel_win.cc, line 346
Unable to read VR Path Registry from C:\Users\1\AppData\Local\openvr\openvrpaths.vrpath
[Child 6036, Chrome_ChildThread] WARNING: pipe error: 109: file z:/build/build/src/ipc/chromium/src/chrome/common/ipc_channel_win.cc, line 346
[Child 6036, Chrome_ChildThread] WARNING: pipe error: 109: file z:/build/build/src/ipc/chromium/src/chrome/common/ipc_channel_win.cc, line 346
*** UTM:SVC TimerManager:registerTimer called after profile-before-change notification. Ignoring timer registration for id: telemetry_modules_ping
Unable to read VR Path Registry from C:\Users\1\AppData\Local\openvr\openvrpaths.vrpath
[GPU 4824, Chrome_ChildThread] WARNING: pipe error: 109: file z:/build/build/src/ipc/chromium/src/chrome/common/ipc_channel_win.cc, line 346

###!!! [Child][MessageChannel::SendAndWait] Error: Channel error: cannot send/recv

1525291207265	geckodriver	INFO	geckodriver 0.20.1
1525291207280	geckodriver	INFO	Listening on 127.0.0.1:50897
1525291210281	mozrunner::runner	INFO	Running command: "C:\\Program Files\\Mozilla Firefox\\firefox.exe" "-marionette" "-profile" "C:\\Users\\1\\AppData\\Local\\Temp\\rust_mozprofile.7XAdjyVxdO1q"
1525291211152	Marionette	INFO	Enabled via --marionette
1525291214022	Marionette	INFO	Listening on port 50905
1525291214432	Marionette	WARN	TLS certificate errors will be ignored for this session
Unable to read VR Path Registry from C:\Users\1\AppData\Local\openvr\openvrpaths.vrpath
[Child 6044, Chrome_ChildThread] WARNING: pipe error: 109: file z:/build/build/src/ipc/chromium/src/chrome/common/ipc_channel_win.cc, line 346
[Child 6044, Chrome_ChildThread] WARNING: pipe error: 109: file z:/build/build/src/ipc/chromium/src/chrome/common/ipc_channel_win.cc, line 346
Unable to read VR Path Registry from C:\Users\1\AppData\Local\openvr\openvrpaths.vrpath
[Child 5616, Chrome_ChildThread] WARNING: pipe error: 109: file z:/build/build/src/ipc/chromium/src/chrome/common/ipc_channel_win.cc, line 346
[Child 5616, Chrome_ChildThread] WARNING: pipe error: 109: file z:/build/build/src/ipc/chromium/src/chrome/common/ipc_channel_win.cc, line 346
Unable to read VR Path Registry from C:\Users\1\AppData\Local\openvr\openvrpaths.vrpath
[GPU 1460, Chrome_ChildThread] WARNING: pipe error: 109: file z:/build/build/src/ipc/chromium/src/chrome/common/ipc_channel_win.cc, line 346

###!!! [Child][MessageChannel::SendAndWait] Error: Channel error: cannot send/recv

Unable to read VR Path Registry from C:\Users\1\AppData\Local\openvr\openvrpaths.vrpath
rror: 109: file z:/build/build/src/ipc/chromium/src/chrome/common/ipc_channel_win.cc, line 346
Unable to read VR Path Registry from C:\Users\1\AppData\Local\openvr\openvrpaths.vrpath
[Child 4824, Chrome_ChildThread] WARNING: pipe error: 109: file z:/build/build/src/ipc/chromium/src/chrome/common/ipc_channel_win.cc, line 346
[Child 4824, Chrome_ChildThread] WARNING: pipe error: 109: file z:/build/build/src/ipc/chromium/src/chrome/common/ipc_channel_win.cc, line 346

###!!! [Child][MessageChannel::SendAndWait] Error: Channel error: cannot send/recv

Unable to read VR Path Registry from C:\Users\1\AppData\Local\openvr\openvrpaths.vrpath
1525291392491	geckodriver	INFO	geckodriver 0.20.1
1525291392507	geckodriver	INFO	Listening on 127.0.0.1:51029
1525291395510	mozrunner::runner	INFO	Running command: "C:\\Program Files\\Mozilla Firefox\\firefox.exe" "-marionette" "-profile" "C:\\Users\\1\\AppData\\Local\\Temp\\rust_mozprofile.grsTPuq7UuMM"
1525291396398	Marionette	INFO	Enabled via --marionette
1525291399586	Marionette	INFO	Listening on port 51037
1525291399722	Marionette	WARN	TLS certificate errors will be ignored for this session
Unable to read VR Path Registry from C:\Users\1\AppData\Local\openvr\openvrpaths.vrpath
[Child 6908, Chrome_ChildThread] WARNING: pipe error: 109: file z:/build/build/src/ipc/chromium/src/chrome/common/ipc_channel_win.cc, line 346
[Child 6908, Chrome_ChildThread] WARNING: pipe error: 109: file z:/build/build/src/ipc/chromium/src/chrome/common/ipc_channel_win.cc, line 346
Unable to read VR Path Registry from C:\Users\1\AppData\Local\openvr\openvrpaths.vrpath
[Parent 4844, Gecko_IOThread] WARNING: pipe error: 109: file z:/build/build/src/ipc/chromium/src/chrome/common/ipc_channel_win.cc, line 346
Unable to read VR Path Registry from C:\Users\1\AppData\Local\openvr\openvrpaths.vrpath
[Child 6064, Chrome_ChildThread] WARNING: pipe error: 109: file z:/build/build/src/ipc/chromium/src/chrome/common/ipc_channel_win.cc, line 346
[Child 6064, Chrome_ChildThread] WARNING: pipe error: 109: file z:/build/build/src/ipc/chromium/src/chrome/common/ipc_channel_win.cc, line 346

###!!! [Child][MessageChannel::SendAndWait] Error: Channel error: cannot send/recv

rome/common/ipc_channel_win.cc, line 346
[Child 3888, Chrome_ChildThread] WARNING: pipe error: 109: file z:/build/build/src/ipc/chromium/src/chrome/common/ipc_channel_win.cc, line 346
Unable to read VR Path Registry from C:\Users\1\AppData\Local\openvr\openvrpaths.vrpath
[Child 5192, Chrome_ChildThread] WARNING: pipe error: 109: file z:/build/build/src/ipc/chromium/src/chrome/common/ipc_channel_win.cc, line 346
[Child 5192, Chrome_ChildThread] WARNING: pipe error: 109: file z:/build/build/src/ipc/chromium/src/chrome/common/ipc_channel_win.cc, line 346
Unable to read VR Path Registry from C:\Users\1\AppData\Local\openvr\openvrpaths.vrpath
[GPU 6432, Chrome_ChildThread] WARNING: pipe error: 109: file z:/build/build/src/ipc/chromium/src/chrome/common/ipc_channel_win.cc, line 346

###!!! [Child][MessageChannel::SendAndWait] Error: Channel error: cannot send/recv

Unable to read VR Path Registry from C:\Users\1\AppData\Local\openvr\openvrpaths.vrpath
1525291630796	geckodriver	INFO	geckodriver 0.20.1
1525291630812	geckodriver	INFO	Listening on 127.0.0.1:51154
1525291633829	mozrunner::runner	INFO	Running command: "C:\\Program Files\\Mozilla Firefox\\firefox.exe" "-marionette" "-profile" "C:\\Users\\1\\AppData\\Local\\Temp\\rust_mozprofile.28LpseQ89JfW"
1525291634874	Marionette	INFO	Enabled via --marionette
1525291637946	Marionette	INFO	Listening on port 51162
1525291637980	Marionette	WARN	TLS certificate errors will be ignored for this session
1525291643007	geckodriver	INFO	geckodriver 0.20.1
1525291643020	geckodriver	INFO	Listening on 127.0.0.1:51207
1525291646034	mozrunner::runner	INFO	Running command: "C:\\Program Files\\Mozilla Firefox\\firefox.exe" "-marionette" "-profile" "C:\\Users\\1\\AppData\\Local\\Temp\\rust_mozprofile.ai1xu3pW0drb"
1525291647010	Marionette	INFO	Enabled via --marionette
